=========================================
 日志级别：DEBUG
 日志时间：2021-05-23 22:56:06,198
 所属类名：testLog
 所属线程：main
 日志信息：debug level
=========================================
 日志级别：INFO
 日志时间：2021-05-23 22:56:06,202
 所属类名：testLog
 所属线程：main
 日志信息：info level
=========================================
 日志级别：WARN
 日志时间：2021-05-23 22:56:06,202
 所属类名：testLog
 所属线程：main
 日志信息：warn level
=========================================
 日志级别：ERROR
 日志时间：2021-05-23 22:56:06,202
 所属类名：testLog
 所属线程：main
 日志信息：error level
=========================================
 日志级别：FATAL
 日志时间：2021-05-23 22:56:06,202
 所属类名：testLog
 所属线程：main
 日志信息：fatal level
